<?xml version="1.0" encoding="UTF-8"?>
<!-- Generated by org.testng.reporters.JUnitReportReporter -->
<testsuite hostname="Hariss-MacBook-Pro.local" failures="0" tests="3" name="com.expedia.TestNG_grouping" time="0.004" errors="0" timestamp="19 Apr 2018 18:03:30 GMT" skipped="0">
  <testcase classname="com.expedia.TestNG_grouping" name="testMercedes" time="0.004"/>
  <testcase classname="com.expedia.TestNG_grouping" name="testAudii" time="0.000"/>
  <testcase classname="com.expedia.TestNG_grouping" name="testBmw" time="0.000"/>
</testsuite> <!-- com.expedia.TestNG_grouping -->
