<?xml version="1.0" encoding="UTF-8"?>
<!-- Generated by org.testng.reporters.JUnitReportReporter -->
<testsuite hostname="Hariss-MacBook-Pro.local" failures="0" tests="1" name="com.expedia.FlightPageTest" time="3.292" errors="0" timestamp="19 Apr 2018 18:03:30 GMT" skipped="0">
  <testcase classname="com.expedia.FlightPageTest" name="test" time="3.292"/>
</testsuite> <!-- com.expedia.FlightPageTest -->
